0 verbose cli /opt/homebrew/Cellar/node/25.2.1/bin/node /opt/homebrew/bin/npm
1 info using npm@11.6.2
2 info using node@v25.2.1
3 silly config load:file:/opt/homebrew/lib/node_modules/npm/npmrc
4 silly config load:file:/Users/gaurabh/Documents/BisonHack/videotracker/frontend/.npmrc
5 silly config load:file:/Users/gaurabh/.npmrc
6 silly config load:file:/opt/homebrew/etc/npmrc
7 verbose title npm install
8 verbose argv "install"
9 verbose logfile logs-max:10 dir:/Users/gaurabh/Documents/BisonHack/videotracker/frontend/.npm-cache/_logs/2026-02-21T19_40_10_525Z-
10 verbose logfile /Users/gaurabh/Documents/BisonHack/videotracker/frontend/.npm-cache/_logs/2026-02-21T19_40_10_525Z-debug-0.log
11 silly logfile done cleaning log files
12 silly packumentCache heap:4496293888 maxSize:1124073472 maxEntrySize:562036736
13 http fetch GET https://registry.npmjs.org/npm attempt 1 failed with ENOTFOUND
14 silly idealTree buildDeps
15 silly reify mark retired [
15 silly reify   '/Users/gaurabh/Documents/BisonHack/videotracker/frontend/node_modules/acorn'
15 silly reify ]
16 silly reify mark retired [
16 silly reify   '/Users/gaurabh/Documents/BisonHack/videotracker/frontend/node_modules/ajv'
16 silly reify ]
17 silly reify mark retired [
17 silly reify   '/Users/gaurabh/Documents/BisonHack/videotracker/frontend/node_modules/balanced-match'
17 silly reify ]
18 silly reify mark retired [
18 silly reify   '/Users/gaurabh/Documents/BisonHack/videotracker/frontend/node_modules/baseline-browser-mapping'
18 silly reify ]
19 silly reify mark retired [
19 silly reify   '/Users/gaurabh/Documents/BisonHack/videotracker/frontend/node_modules/brace-expansion'
19 silly reify ]
20 silly reify mark retired [
20 silly reify   '/Users/gaurabh/Documents/BisonHack/videotracker/frontend/node_modules/caniuse-lite'
20 silly reify ]
21 silly reify mark retired [
21 silly reify   '/Users/gaurabh/Documents/BisonHack/videotracker/frontend/node_modules/debug'
21 silly reify ]
22 silly reify mark retired [
22 silly reify   '/Users/gaurabh/Documents/BisonHack/videotracker/frontend/node_modules/detect-libc'
22 silly reify ]
23 silly reify mark retired [
23 silly reify   '/Users/gaurabh/Documents/BisonHack/videotracker/frontend/node_modules/enhanced-resolve'
23 silly reify ]
24 silly reify mark retired [
24 silly reify   '/Users/gaurabh/Documents/BisonHack/videotracker/frontend/node_modules/eslint'
24 silly reify ]
25 silly reify mark retired [
25 silly reify   '/Users/gaurabh/Documents/BisonHack/videotracker/frontend/node_modules/eslint-config-next'
25 silly reify ]
26 silly reify mark retired [
26 silly reify   '/Users/gaurabh/Documents/BisonHack/videotracker/frontend/node_modules/eslint-scope'
26 silly reify ]
27 silly reify mark retired [
27 silly reify   '/Users/gaurabh/Documents/BisonHack/videotracker/frontend/node_modules/eslint-visitor-keys'
27 silly reify ]
28 silly reify mark retired [
28 silly reify   '/Users/gaurabh/Documents/BisonHack/videotracker/frontend/node_modules/espree'
28 silly reify ]
29 silly reify mark retired [
29 silly reify   '/Users/gaurabh/Documents/BisonHack/videotracker/frontend/node_modules/esquery'
29 silly reify ]
30 silly reify mark retired [
30 silly reify   '/Users/gaurabh/Documents/BisonHack/videotracker/frontend/node_modules/flatted'
30 silly reify ]
31 silly reify mark retired [
31 silly reify   '/Users/gaurabh/Documents/BisonHack/videotracker/frontend/node_modules/jiti'
31 silly reify ]
32 silly reify mark retired [
32 silly reify   '/Users/gaurabh/Documents/BisonHack/videotracker/frontend/node_modules/lightningcss'
32 silly reify ]
33 silly reify mark retired [
33 silly reify   '/Users/gaurabh/Documents/BisonHack/videotracker/frontend/node_modules/lightningcss-darwin-arm64'
33 silly reify ]
34 silly reify mark retired [
34 silly reify   '/Users/gaurabh/Documents/BisonHack/videotracker/frontend/node_modules/magic-string'
34 silly reify ]
35 silly reify mark retired [
35 silly reify   '/Users/gaurabh/Documents/BisonHack/videotracker/frontend/node_modules/minimatch'
35 silly reify ]
36 silly reify mark retired [
36 silly reify   '/Users/gaurabh/Documents/BisonHack/videotracker/frontend/node_modules/next'
36 silly reify ]
37 silly reify mark retired [
37 silly reify   '/Users/gaurabh/Documents/BisonHack/videotracker/frontend/node_modules/postcss'
37 silly reify ]
38 silly reify mark retired [
38 silly reify   '/Users/gaurabh/Documents/BisonHack/videotracker/frontend/node_modules/react'
38 silly reify ]
39 silly reify mark retired [
39 silly reify   '/Users/gaurabh/Documents/BisonHack/videotracker/frontend/node_modules/react-dom'
39 silly reify ]
40 silly reify mark retired [
40 silly reify   '/Users/gaurabh/Documents/BisonHack/videotracker/frontend/node_modules/sharp'
40 silly reify ]
41 silly reify mark retired [
41 silly reify   '/Users/gaurabh/Documents/BisonHack/videotracker/frontend/node_modules/tailwindcss'
41 silly reify ]
42 silly reify mark retired [
42 silly reify   '/Users/gaurabh/Documents/BisonHack/videotracker/frontend/node_modules/tapable'
42 silly reify ]
43 silly reify mark retired [
43 silly reify   '/Users/gaurabh/Documents/BisonHack/videotracker/frontend/node_modules/typescript'
43 silly reify ]
44 silly reify mark retired [
44 silly reify   '/Users/gaurabh/Documents/BisonHack/videotracker/frontend/node_modules/undici-types'
44 silly reify ]
45 silly reify mark retired [
45 silly reify   '/Users/gaurabh/Documents/BisonHack/videotracker/frontend/node_modules/@emnapi/runtime'
45 silly reify ]
46 silly reify mark retired [
46 silly reify   '/Users/gaurabh/Documents/BisonHack/videotracker/frontend/node_modules/@eslint/config-array'
46 silly reify ]
47 silly reify mark retired [
47 silly reify   '/Users/gaurabh/Documents/BisonHack/videotracker/frontend/node_modules/@eslint/config-helpers'
47 silly reify ]
48 silly reify mark retired [
48 silly reify   '/Users/gaurabh/Documents/BisonHack/videotracker/frontend/node_modules/@eslint/core'
48 silly reify ]
49 silly reify mark retired [
49 silly reify   '/Users/gaurabh/Documents/BisonHack/videotracker/frontend/node_modules/@eslint/object-schema'
49 silly reify ]
50 silly reify mark retired [
50 silly reify   '/Users/gaurabh/Documents/BisonHack/videotracker/frontend/node_modules/@eslint/plugin-kit'
50 silly reify ]
51 silly reify mark retired [
51 silly reify   '/Users/gaurabh/Documents/BisonHack/videotracker/frontend/node_modules/@eslint-community/eslint-utils'
51 silly reify ]
52 silly reify mark retired [
52 silly reify   '/Users/gaurabh/Documents/BisonHack/videotracker/frontend/node_modules/@eslint-community/regexpp'
52 silly reify ]
53 silly reify mark retired [
53 silly reify   '/Users/gaurabh/Documents/BisonHack/videotracker/frontend/node_modules/@humanfs/node'
53 silly reify ]
54 silly reify mark retired [
54 silly reify   '/Users/gaurabh/Documents/BisonHack/videotracker/frontend/node_modules/@humanwhocodes/retry'
54 silly reify ]
55 silly reify mark retired [
55 silly reify   '/Users/gaurabh/Documents/BisonHack/videotracker/frontend/node_modules/@img/sharp-darwin-arm64'
55 silly reify ]
56 silly reify mark retired [
56 silly reify   '/Users/gaurabh/Documents/BisonHack/videotracker/frontend/node_modules/@img/sharp-libvips-darwin-arm64'
56 silly reify ]
57 silly reify mark retired [
57 silly reify   '/Users/gaurabh/Documents/BisonHack/videotracker/frontend/node_modules/@img/colour'
57 silly reify ]
58 silly reify mark retired [
58 silly reify   '/Users/gaurabh/Documents/BisonHack/videotracker/frontend/node_modules/@jridgewell/gen-mapping'
58 silly reify ]
59 silly reify mark retired [
59 silly reify   '/Users/gaurabh/Documents/BisonHack/videotracker/frontend/node_modules/@jridgewell/remapping'
59 silly reify ]
60 silly reify mark retired [
60 silly reify   '/Users/gaurabh/Documents/BisonHack/videotracker/frontend/node_modules/@jridgewell/sourcemap-codec'
60 silly reify ]
61 silly reify mark retired [
61 silly reify   '/Users/gaurabh/Documents/BisonHack/videotracker/frontend/node_modules/@jridgewell/trace-mapping'
61 silly reify ]
62 silly reify mark retired [
62 silly reify   '/Users/gaurabh/Documents/BisonHack/videotracker/frontend/node_modules/@next/env'
62 silly reify ]
63 silly reify mark retired [
63 silly reify   '/Users/gaurabh/Documents/BisonHack/videotracker/frontend/node_modules/@next/swc-darwin-arm64'
63 silly reify ]
64 silly reify mark retired [
64 silly reify   '/Users/gaurabh/Documents/BisonHack/videotracker/frontend/node_modules/@tailwindcss/node'
64 silly reify ]
65 silly reify mark retired [
65 silly reify   '/Users/gaurabh/Documents/BisonHack/videotracker/frontend/node_modules/@tailwindcss/oxide'
65 silly reify ]
66 silly reify mark retired [
66 silly reify   '/Users/gaurabh/Documents/BisonHack/videotracker/frontend/node_modules/@tailwindcss/oxide-darwin-arm64'
66 silly reify ]
67 silly reify mark retired [
67 silly reify   '/Users/gaurabh/Documents/BisonHack/videotracker/frontend/node_modules/@tailwindcss/postcss'
67 silly reify ]
68 silly reify mark retired [
68 silly reify   '/Users/gaurabh/Documents/BisonHack/videotracker/frontend/node_modules/@types/esrecurse'
68 silly reify ]
69 silly reify mark retired [
69 silly reify   '/Users/gaurabh/Documents/BisonHack/videotracker/frontend/node_modules/@types/estree'
69 silly reify ]
70 silly reify mark retired [
70 silly reify   '/Users/gaurabh/Documents/BisonHack/videotracker/frontend/node_modules/@types/node'
70 silly reify ]
71 silly reify mark retired [
71 silly reify   '/Users/gaurabh/Documents/BisonHack/videotracker/frontend/node_modules/@types/react'
71 silly reify ]
72 silly reify mark retired [
72 silly reify   '/Users/gaurabh/Documents/BisonHack/videotracker/frontend/node_modules/@types/react-dom'
72 silly reify ]
73 silly reify mark retired [
73 silly reify   '/Users/gaurabh/Documents/BisonHack/videotracker/frontend/node_modules/nanoid',
73 silly reify   '/Users/gaurabh/Documents/BisonHack/videotracker/frontend/node_modules/.bin/nanoid'
73 silly reify ]
74 silly reify mark retired [
74 silly reify   '/Users/gaurabh/Documents/BisonHack/videotracker/frontend/node_modules/which',
74 silly reify   '/Users/gaurabh/Documents/BisonHack/videotracker/frontend/node_modules/.bin/node-which'
74 silly reify ]
75 silly reify moves {
75 silly reify   '/Users/gaurabh/Documents/BisonHack/videotracker/frontend/node_modules/acorn': '/Users/gaurabh/Documents/BisonHack/videotracker/frontend/node_modules/.acorn-2yEYg5UU',
75 silly reify   '/Users/gaurabh/Documents/BisonHack/videotracker/frontend/node_modules/ajv': '/Users/gaurabh/Documents/BisonHack/videotracker/frontend/node_modules/.ajv-ypEGgD9r',
75 silly reify   '/Users/gaurabh/Documents/BisonHack/videotracker/frontend/node_modules/balanced-match': '/Users/gaurabh/Documents/BisonHack/videotracker/frontend/node_modules/.balanced-match-jijtzNzK',
75 silly reify   '/Users/gaurabh/Documents/BisonHack/videotracker/frontend/node_modules/baseline-browser-mapping': '/Users/gaurabh/Documents/BisonHack/videotracker/frontend/node_modules/.baseline-browser-mapping-I3WoYpI0',
75 silly reify   '/Users/gaurabh/Documents/BisonHack/videotracker/frontend/node_modules/brace-expansion': '/Users/gaurabh/Documents/BisonHack/videotracker/frontend/node_modules/.brace-expansion-Iz7zg2ZP',
75 silly reify   '/Users/gaurabh/Documents/BisonHack/videotracker/frontend/node_modules/caniuse-lite': '/Users/gaurabh/Documents/BisonHack/videotracker/frontend/node_modules/.caniuse-lite-o1CtC8F0',
75 silly reify   '/Users/gaurabh/Documents/BisonHack/videotracker/frontend/node_modules/debug': '/Users/gaurabh/Documents/BisonHack/videotracker/frontend/node_modules/.debug-5KxOxa97',
75 silly reify   '/Users/gaurabh/Documents/BisonHack/videotracker/frontend/node_modules/detect-libc': '/Users/gaurabh/Documents/BisonHack/videotracker/frontend/node_modules/.detect-libc-v8SL0NUp',
75 silly reify   '/Users/gaurabh/Documents/BisonHack/videotracker/frontend/node_modules/enhanced-resolve': '/Users/gaurabh/Documents/BisonHack/videotracker/frontend/node_modules/.enhanced-resolve-ZhVFDvYe',
75 silly reify   '/Users/gaurabh/Documents/BisonHack/videotracker/frontend/node_modules/eslint': '/Users/gaurabh/Documents/BisonHack/videotracker/frontend/node_modules/.eslint-idQqTBxC',
75 silly reify   '/Users/gaurabh/Documents/BisonHack/videotracker/frontend/node_modules/eslint-config-next': '/Users/gaurabh/Documents/BisonHack/videotracker/frontend/node_modules/.eslint-config-next-xFFJQNiY',
75 silly reify   '/Users/gaurabh/Documents/BisonHack/videotracker/frontend/node_modules/eslint-scope': '/Users/gaurabh/Documents/BisonHack/videotracker/frontend/node_modules/.eslint-scope-Eft27D0i',
75 silly reify   '/Users/gaurabh/Documents/BisonHack/videotracker/frontend/node_modules/eslint-visitor-keys': '/Users/gaurabh/Documents/BisonHack/videotracker/frontend/node_modules/.eslint-visitor-keys-F9LTsX2V',
75 silly reify   '/Users/gaurabh/Documents/BisonHack/videotracker/frontend/node_modules/espree': '/Users/gaurabh/Documents/BisonHack/videotracker/frontend/node_modules/.espree-5itDtsHA',
75 silly reify   '/Users/gaurabh/Documents/BisonHack/videotracker/frontend/node_modules/esquery': '/Users/gaurabh/Documents/BisonHack/videotracker/frontend/node_modules/.esquery-7OXvvZda',
75 silly reify   '/Users/gaurabh/Documents/BisonHack/videotracker/frontend/node_modules/flatted': '/Users/gaurabh/Documents/BisonHack/videotracker/frontend/node_modules/.flatted-ybB6BZJ8',
75 silly reify   '/Users/gaurabh/Documents/BisonHack/videotracker/frontend/node_modules/jiti': '/Users/gaurabh/Documents/BisonHack/videotracker/frontend/node_modules/.jiti-OgUmaSmp',
75 silly reify   '/Users/gaurabh/Documents/BisonHack/videotracker/frontend/node_modules/lightningcss': '/Users/gaurabh/Documents/BisonHack/videotracker/frontend/node_modules/.lightningcss-nc0HYprr',
75 silly reify   '/Users/gaurabh/Documents/BisonHack/videotracker/frontend/node_modules/lightningcss-darwin-arm64': '/Users/gaurabh/Documents/BisonHack/videotracker/frontend/node_modules/.lightningcss-darwin-arm64-XJlr2iTU',
75 silly reify   '/Users/gaurabh/Documents/BisonHack/videotracker/frontend/node_modules/magic-string': '/Users/gaurabh/Documents/BisonHack/videotracker/frontend/node_modules/.magic-string-e9UkOejq',
75 silly reify   '/Users/gaurabh/Documents/BisonHack/videotracker/frontend/node_modules/minimatch': '/Users/gaurabh/Documents/BisonHack/videotracker/frontend/node_modules/.minimatch-p4z99QRW',
75 silly reify   '/Users/gaurabh/Documents/BisonHack/videotracker/frontend/node_modules/next': '/Users/gaurabh/Documents/BisonHack/videotracker/frontend/node_modules/.next-GPpyzfS0',
75 silly reify   '/Users/gaurabh/Documents/BisonHack/videotracker/frontend/node_modules/postcss': '/Users/gaurabh/Documents/BisonHack/videotracker/frontend/node_modules/.postcss-HnjjT22i',
75 silly reify   '/Users/gaurabh/Documents/BisonHack/videotracker/frontend/node_modules/react': '/Users/gaurabh/Documents/BisonHack/videotracker/frontend/node_modules/.react-OROyciVO',
75 silly reify   '/Users/gaurabh/Documents/BisonHack/videotracker/frontend/node_modules/react-dom': '/Users/gaurabh/Documents/BisonHack/videotracker/frontend/node_modules/.react-dom-Fua1qBtl',
75 silly reify   '/Users/gaurabh/Documents/BisonHack/videotracker/frontend/node_modules/sharp': '/Users/gaurabh/Documents/BisonHack/videotracker/frontend/node_modules/.sharp-ERRpEMUo',
75 silly reify   '/Users/gaurabh/Documents/BisonHack/videotracker/frontend/node_modules/tailwindcss': '/Users/gaurabh/Documents/BisonHack/videotracker/frontend/node_modules/.tailwindcss-tSgPZIfj',
75 silly reify   '/Users/gaurabh/Documents/BisonHack/videotracker/frontend/node_modules/tapable': '/Users/gaurabh/Documents/BisonHack/videotracker/frontend/node_modules/.tapable-CNdFtAZb',
75 silly reify   '/Users/gaurabh/Documents/BisonHack/videotracker/frontend/node_modules/typescript': '/Users/gaurabh/Documents/BisonHack/videotracker/frontend/node_modules/.typescript-pQ83LePp',
75 silly reify   '/Users/gaurabh/Documents/BisonHack/videotracker/frontend/node_modules/undici-types': '/Users/gaurabh/Documents/BisonHack/videotracker/frontend/node_modules/.undici-types-GF1ukPDi',
75 silly reify   '/Users/gaurabh/Documents/BisonHack/videotracker/frontend/node_modules/@emnapi/runtime': '/Users/gaurabh/Documents/BisonHack/videotracker/frontend/node_modules/@emnapi/.runtime-mflikKG6',
75 silly reify   '/Users/gaurabh/Documents/BisonHack/videotracker/frontend/node_modules/@eslint/config-array': '/Users/gaurabh/Documents/BisonHack/videotracker/frontend/node_modules/@eslint/.config-array-6sJ9s1fe',
75 silly reify   '/Users/gaurabh/Documents/BisonHack/videotracker/frontend/node_modules/@eslint/config-helpers': '/Users/gaurabh/Documents/BisonHack/videotracker/frontend/node_modules/@eslint/.config-helpers-oGLE8on7',
75 silly reify   '/Users/gaurabh/Documents/BisonHack/videotracker/frontend/node_modules/@eslint/core': '/Users/gaurabh/Documents/BisonHack/videotracker/frontend/node_modules/@eslint/.core-kNmh9y8C',
75 silly reify   '/Users/gaurabh/Documents/BisonHack/videotracker/frontend/node_modules/@eslint/object-schema': '/Users/gaurabh/Documents/BisonHack/videotracker/frontend/node_modules/@eslint/.object-schema-Bcvxy1Vw',
75 silly reify   '/Users/gaurabh/Documents/BisonHack/videotracker/frontend/node_modules/@eslint/plugin-kit': '/Users/gaurabh/Documents/BisonHack/videotracker/frontend/node_modules/@eslint/.plugin-kit-nOD01KCd',
75 silly reify   '/Users/gaurabh/Documents/BisonHack/videotracker/frontend/node_modules/@eslint-community/eslint-utils': '/Users/gaurabh/Documents/BisonHack/videotracker/frontend/node_modules/@eslint-community/.eslint-utils-EEVWSAhA',
75 silly reify   '/Users/gaurabh/Documents/BisonHack/videotracker/frontend/node_modules/@eslint-community/regexpp': '/Users/gaurabh/Documents/BisonHack/videotracker/frontend/node_modules/@eslint-community/.regexpp-ZDRyYz32',
75 silly reify   '/Users/gaurabh/Documents/BisonHack/videotracker/frontend/node_modules/@humanfs/node': '/Users/gaurabh/Documents/BisonHack/videotracker/frontend/node_modules/@humanfs/.node-CHaYaC0h',
75 silly reify   '/Users/gaurabh/Documents/BisonHack/videotracker/frontend/node_modules/@humanwhocodes/retry': '/Users/gaurabh/Documents/BisonHack/videotracker/frontend/node_modules/@humanwhocodes/.retry-Bwz2qKkn',
75 silly reify   '/Users/gaurabh/Documents/BisonHack/videotracker/frontend/node_modules/@img/sharp-darwin-arm64': '/Users/gaurabh/Documents/BisonHack/videotracker/frontend/node_modules/@img/.sharp-darwin-arm64-ktbKRhEK',
75 silly reify   '/Users/gaurabh/Documents/BisonHack/videotracker/frontend/node_modules/@img/sharp-libvips-darwin-arm64': '/Users/gaurabh/Documents/BisonHack/videotracker/frontend/node_modules/@img/.sharp-libvips-darwin-arm64-xipiV4TM',
75 silly reify   '/Users/gaurabh/Documents/BisonHack/videotracker/frontend/node_modules/@img/colour': '/Users/gaurabh/Documents/BisonHack/videotracker/frontend/node_modules/@img/.colour-Qdzau15B',
75 silly reify   '/Users/gaurabh/Documents/BisonHack/videotracker/frontend/node_modules/@jridgewell/gen-mapping': '/Users/gaurabh/Documents/BisonHack/videotracker/frontend/node_modules/@jridgewell/.gen-mapping-jZ9hiQm3',
75 silly reify   '/Users/gaurabh/Documents/BisonHack/videotracker/frontend/node_modules/@jridgewell/remapping': '/Users/gaurabh/Documents/BisonHack/videotracker/frontend/node_modules/@jridgewell/.remapping-tccP5jFD',
75 silly reify   '/Users/gaurabh/Documents/BisonHack/videotracker/frontend/node_modules/@jridgewell/sourcemap-codec': '/Users/gaurabh/Documents/BisonHack/videotracker/frontend/node_modules/@jridgewell/.sourcemap-codec-F8AA97ry',
75 silly reify   '/Users/gaurabh/Documents/BisonHack/videotracker/frontend/node_modules/@jridgewell/trace-mapping': '/Users/gaurabh/Documents/BisonHack/videotracker/frontend/node_modules/@jridgewell/.trace-mapping-31p8v5RR',
75 silly reify   '/Users/gaurabh/Documents/BisonHack/videotracker/frontend/node_modules/@next/env': '/Users/gaurabh/Documents/BisonHack/videotracker/frontend/node_modules/@next/.env-MvNB49Ph',
75 silly reify   '/Users/gaurabh/Documents/BisonHack/videotracker/frontend/node_modules/@next/swc-darwin-arm64': '/Users/gaurabh/Documents/BisonHack/videotracker/frontend/node_modules/@next/.swc-darwin-arm64-1dN6yIzn',
75 silly reify   '/Users/gaurabh/Documents/BisonHack/videotracker/frontend/node_modules/@tailwindcss/node': '/Users/gaurabh/Documents/BisonHack/videotracker/frontend/node_modules/@tailwindcss/.node-mUcHIvuW',
75 silly reify   '/Users/gaurabh/Documents/BisonHack/videotracker/frontend/node_modules/@tailwindcss/oxide': '/Users/gaurabh/Documents/BisonHack/videotracker/frontend/node_modules/@tailwindcss/.oxide-VfRCqpaF',
75 silly reify   '/Users/gaurabh/Documents/BisonHack/videotracker/frontend/node_modules/@tailwindcss/oxide-darwin-arm64': '/Users/gaurabh/Documents/BisonHack/videotracker/frontend/node_modules/@tailwindcss/.oxide-darwin-arm64-uAuYeen4',
75 silly reify   '/Users/gaurabh/Documents/BisonHack/videotracker/frontend/node_modules/@tailwindcss/postcss': '/Users/gaurabh/Documents/BisonHack/videotracker/frontend/node_modules/@tailwindcss/.postcss-fi2teDN6',
75 silly reify   '/Users/gaurabh/Documents/BisonHack/videotracker/frontend/node_modules/@types/esrecurse': '/Users/gaurabh/Documents/BisonHack/videotracker/frontend/node_modules/@types/.esrecurse-aOPNRc5s',
75 silly reify   '/Users/gaurabh/Documents/BisonHack/videotracker/frontend/node_modules/@types/estree': '/Users/gaurabh/Documents/BisonHack/videotracker/frontend/node_modules/@types/.estree-2It6GX2q',
75 silly reify   '/Users/gaurabh/Documents/BisonHack/videotracker/frontend/node_modules/@types/node': '/Users/gaurabh/Documents/BisonHack/videotracker/frontend/node_modules/@types/.node-DWWNGtFP',
75 silly reify   '/Users/gaurabh/Documents/BisonHack/videotracker/frontend/node_modules/@types/react': '/Users/gaurabh/Documents/BisonHack/videotracker/frontend/node_modules/@types/.react-j48pzW8l',
75 silly reify   '/Users/gaurabh/Documents/BisonHack/videotracker/frontend/node_modules/@types/react-dom': '/Users/gaurabh/Documents/BisonHack/videotracker/frontend/node_modules/@types/.react-dom-Tv2JGvXu',
75 silly reify   '/Users/gaurabh/Documents/BisonHack/videotracker/frontend/node_modules/nanoid': '/Users/gaurabh/Documents/BisonHack/videotracker/frontend/node_modules/.nanoid-6xFxP7rt',
75 silly reify   '/Users/gaurabh/Documents/BisonHack/videotracker/frontend/node_modules/.bin/nanoid': '/Users/gaurabh/Documents/BisonHack/videotracker/frontend/node_modules/.bin/.nanoid-BwKS4K3j',
75 silly reify   '/Users/gaurabh/Documents/BisonHack/videotracker/frontend/node_modules/which': '/Users/gaurabh/Documents/BisonHack/videotracker/frontend/node_modules/.which-k3IAMjPw',
75 silly reify   '/Users/gaurabh/Documents/BisonHack/videotracker/frontend/node_modules/.bin/node-which': '/Users/gaurabh/Documents/BisonHack/videotracker/frontend/node_modules/.bin/.node-which-bQ6lIngV'
75 silly reify }
76 silly audit bulk request {
76 silly audit   '@alloc/quick-lru': [ '5.2.0' ],
76 silly audit   '@emnapi/core': [ '1.8.1' ],
76 silly audit   '@emnapi/runtime': [ '1.8.1' ],
76 silly audit   '@emnapi/wasi-threads': [ '1.1.0' ],
76 silly audit   '@eslint-community/eslint-utils': [ '4.9.1' ],
76 silly audit   'eslint-visitor-keys': [ '3.4.3', '5.0.1' ],
76 silly audit   '@eslint-community/regexpp': [ '4.12.2' ],
76 silly audit   '@eslint/config-array': [ '0.23.2' ],
76 silly audit   '@eslint/config-helpers': [ '0.5.2' ],
76 silly audit   '@eslint/core': [ '1.1.0' ],
76 silly audit   '@eslint/object-schema': [ '3.0.2' ],
76 silly audit   '@eslint/plugin-kit': [ '0.6.0' ],
76 silly audit   '@humanfs/core': [ '0.19.1' ],
76 silly audit   '@humanfs/node': [ '0.16.7' ],
76 silly audit   '@humanwhocodes/module-importer': [ '1.0.1' ],
76 silly audit   '@humanwhocodes/retry': [ '0.4.3' ],
76 silly audit   '@img/colour': [ '1.0.0' ],
76 silly audit   '@img/sharp-darwin-arm64': [ '0.34.5' ],
76 silly audit   '@img/sharp-darwin-x64': [ '0.34.5' ],
76 silly audit   '@img/sharp-libvips-darwin-arm64': [ '1.2.4' ],
76 silly audit   '@img/sharp-libvips-darwin-x64': [ '1.2.4' ],
76 silly audit   '@img/sharp-libvips-linux-arm': [ '1.2.4' ],
76 silly audit   '@img/sharp-libvips-linux-arm64': [ '1.2.4' ],
76 silly audit   '@img/sharp-libvips-linux-ppc64': [ '1.2.4' ],
76 silly audit   '@img/sharp-libvips-linux-riscv64': [ '1.2.4' ],
76 silly audit   '@img/sharp-libvips-linux-s390x': [ '1.2.4' ],
76 silly audit   '@img/sharp-libvips-linux-x64': [ '1.2.4' ],
76 silly audit   '@img/sharp-libvips-linuxmusl-arm64': [ '1.2.4' ],
76 silly audit   '@img/sharp-libvips-linuxmusl-x64': [ '1.2.4' ],
76 silly audit   '@img/sharp-linux-arm': [ '0.34.5' ],
76 silly audit   '@img/sharp-linux-arm64': [ '0.34.5' ],
76 silly audit   '@img/sharp-linux-ppc64': [ '0.34.5' ],
76 silly audit   '@img/sharp-linux-riscv64': [ '0.34.5' ],
76 silly audit   '@img/sharp-linux-s390x': [ '0.34.5' ],
76 silly audit   '@img/sharp-linux-x64': [ '0.34.5' ],
76 silly audit   '@img/sharp-linuxmusl-arm64': [ '0.34.5' ],
76 silly audit   '@img/sharp-linuxmusl-x64': [ '0.34.5' ],
76 silly audit   '@img/sharp-wasm32': [ '0.34.5' ],
76 silly audit   '@img/sharp-win32-arm64': [ '0.34.5' ],
76 silly audit   '@img/sharp-win32-ia32': [ '0.34.5' ],
76 silly audit   '@img/sharp-win32-x64': [ '0.34.5' ],
76 silly audit   '@jridgewell/gen-mapping': [ '0.3.13' ],
76 silly audit   '@jridgewell/remapping': [ '2.3.5' ],
76 silly audit   '@jridgewell/resolve-uri': [ '3.1.2' ],
76 silly audit   '@jridgewell/sourcemap-codec': [ '1.5.5' ],
76 silly audit   '@jridgewell/trace-mapping': [ '0.3.31' ],
76 silly audit   '@napi-rs/wasm-runtime': [ '0.2.12' ],
76 silly audit   '@next/env': [ '16.1.6' ],
76 silly audit   '@next/swc-darwin-arm64': [ '16.1.6' ],
76 silly audit   '@next/swc-darwin-x64': [ '16.1.6' ],
76 silly audit   '@next/swc-linux-arm64-gnu': [ '16.1.6' ],
76 silly audit   '@next/swc-linux-arm64-musl': [ '16.1.6' ],
76 silly audit   '@next/swc-linux-x64-gnu': [ '16.1.6' ],
76 silly audit   '@next/swc-linux-x64-musl': [ '16.1.6' ],
76 silly audit   '@next/swc-win32-arm64-msvc': [ '16.1.6' ],
76 silly audit   '@next/swc-win32-x64-msvc': [ '16.1.6' ],
76 silly audit   '@swc/helpers': [ '0.5.15' ],
76 silly audit   '@tailwindcss/node': [ '4.2.0' ],
76 silly audit   '@tailwindcss/oxide': [ '4.2.0' ],
76 silly audit   '@tailwindcss/oxide-android-arm64': [ '4.2.0' ],
76 silly audit   '@tailwindcss/oxide-darwin-arm64': [ '4.2.0' ],
76 silly audit   '@tailwindcss/oxide-darwin-x64': [ '4.2.0' ],
76 silly audit   '@tailwindcss/oxide-freebsd-x64': [ '4.2.0' ],
76 silly audit   '@tailwindcss/oxide-linux-arm-gnueabihf': [ '4.2.0' ],
76 silly audit   '@tailwindcss/oxide-linux-arm64-gnu': [ '4.2.0' ],
76 silly audit   '@tailwindcss/oxide-linux-arm64-musl': [ '4.2.0' ],
76 silly audit   '@tailwindcss/oxide-linux-x64-gnu': [ '4.2.0' ],
76 silly audit   '@tailwindcss/oxide-linux-x64-musl': [ '4.2.0' ],
76 silly audit   '@tailwindcss/oxide-wasm32-wasi': [ '4.2.0' ],
76 silly audit   '@tailwindcss/oxide-win32-arm64-msvc': [ '4.2.0' ],
76 silly audit   '@tailwindcss/oxide-win32-x64-msvc': [ '4.2.0' ],
76 silly audit   '@tailwindcss/postcss': [ '4.2.0' ],
76 silly audit   '@tybys/wasm-util': [ '0.10.1' ],
76 silly audit   '@types/esrecurse': [ '4.3.1' ],
76 silly audit   '@types/estree': [ '1.0.8' ],
76 silly audit   '@types/json-schema': [ '7.0.15' ],
76 silly audit   '@types/node': [ '20.19.33' ],
76 silly audit   '@types/react': [ '19.2.14' ],
76 silly audit   '@types/react-dom': [ '19.2.3' ],
76 silly audit   acorn: [ '8.16.0' ],
76 silly audit   'acorn-jsx': [ '5.3.2' ],
76 silly audit   ajv: [ '6.14.0' ],
76 silly audit   'balanced-match': [ '4.0.3' ],
76 silly audit   'baseline-browser-mapping': [ '2.10.0' ],
76 silly audit   'brace-expansion': [ '5.0.2' ],
76 silly audit   'caniuse-lite': [ '1.0.30001770' ],
76 silly audit   'client-only': [ '0.0.1' ],
76 silly audit   'cross-spawn': [ '7.0.6' ],
76 silly audit   csstype: [ '3.2.3' ],
76 silly audit   debug: [ '4.4.3' ],
76 silly audit   'deep-is': [ '0.1.4' ],
76 silly audit   'detect-libc': [ '2.1.2' ],
76 silly audit   'enhanced-resolve': [ '5.19.0' ],
76 silly audit   'escape-string-regexp': [ '4.0.0' ],
76 silly audit   eslint: [ '10.0.1' ],
76 silly audit   'eslint-config-next': [ '0.2.4' ],
76 silly audit   'eslint-scope': [ '9.1.1' ],
76 silly audit   espree: [ '11.1.1' ],
76 silly audit   esquery: [ '1.7.0' ],
76 silly audit   esrecurse: [ '4.3.0' ],
76 silly audit   estraverse: [ '5.3.0' ],
76 silly audit   esutils: [ '2.0.3' ],
76 silly audit   'fast-deep-equal': [ '3.1.3' ],
76 silly audit   'fast-json-stable-stringify': [ '2.1.0' ],
76 silly audit   'fast-levenshtein': [ '2.0.6' ],
76 silly audit   'file-entry-cache': [ '8.0.0' ],
76 silly audit   'find-up': [ '5.0.0' ],
76 silly audit   'flat-cache': [ '4.0.1' ],
76 silly audit   flatted: [ '3.3.3' ],
76 silly audit   'glob-parent': [ '6.0.2' ],
76 silly audit   'graceful-fs': [ '4.2.11' ],
76 silly audit   ignore: [ '5.3.2' ],
76 silly audit   imurmurhash: [ '0.1.4' ],
76 silly audit   'is-extglob': [ '2.1.1' ],
76 silly audit   'is-glob': [ '4.0.3' ],
76 silly audit   isexe: [ '2.0.0' ],
76 silly audit   jiti: [ '2.6.1' ],
76 silly audit   'json-buffer': [ '3.0.1' ],
76 silly audit   'json-schema-traverse': [ '0.4.1' ],
76 silly audit   'json-stable-stringify-without-jsonify': [ '1.0.1' ],
76 silly audit   keyv: [ '4.5.4' ],
76 silly audit   levn: [ '0.4.1' ],
76 silly audit   lightningcss: [ '1.31.1' ],
76 silly audit   'lightningcss-android-arm64': [ '1.31.1' ],
76 silly audit   'lightningcss-darwin-arm64': [ '1.31.1' ],
76 silly audit   'lightningcss-darwin-x64': [ '1.31.1' ],
76 silly audit   'lightningcss-freebsd-x64': [ '1.31.1' ],
76 silly audit   'lightningcss-linux-arm-gnueabihf': [ '1.31.1' ],
76 silly audit   'lightningcss-linux-arm64-gnu': [ '1.31.1' ],
76 silly audit   'lightningcss-linux-arm64-musl': [ '1.31.1' ],
76 silly audit   'lightningcss-linux-x64-gnu': [ '1.31.1' ],
76 silly audit   'lightningcss-linux-x64-musl': [ '1.31.1' ],
76 silly audit   'lightningcss-win32-arm64-msvc': [ '1.31.1' ],
76 silly audit   'lightningcss-win32-x64-msvc': [ '1.31.1' ],
76 silly audit   'locate-path': [ '6.0.0' ],
76 silly audit   'magic-string': [ '0.30.21' ],
76 silly audit   minimatch: [ '10.2.2' ],
76 silly audit   ms: [ '2.1.3' ],
76 silly audit   nanoid: [ '3.3.11' ],
76 silly audit   'natural-compare': [ '1.4.0' ],
76 silly audit   next: [ '16.1.6' ],
76 silly audit   postcss: [ '8.4.31', '8.5.6' ],
76 silly audit   optionator: [ '0.9.4' ],
76 silly audit   'p-limit': [ '3.1.0' ],
76 silly audit   'p-locate': [ '5.0.0' ],
76 silly audit   'path-exists': [ '4.0.0' ],
76 silly audit   'path-key': [ '3.1.1' ],
76 silly audit   picocolors: [ '1.1.1' ],
76 silly audit   'prelude-ls': [ '1.2.1' ],
76 silly audit   punycode: [ '2.3.1' ],
76 silly audit   react: [ '19.2.3' ],
76 silly audit   'react-dom': [ '19.2.3' ],
76 silly audit   scheduler: [ '0.27.0' ],
76 silly audit   sharp: [ '0.34.5' ],
76 silly audit   semver: [ '7.7.4' ],
76 silly audit   'shebang-command': [ '2.0.0' ],
76 silly audit   'shebang-regex': [ '3.0.0' ],
76 silly audit   'source-map-js': [ '1.2.1' ],
76 silly audit   'styled-jsx': [ '5.1.6' ],
76 silly audit   tailwindcss: [ '4.2.0' ],
76 silly audit   tapable: [ '2.3.0' ],
76 silly audit   tslib: [ '2.8.1' ],
76 silly audit   'type-check': [ '0.4.0' ],
76 silly audit   typescript: [ '5.9.3' ],
76 silly audit   'undici-types': [ '6.21.0' ],
76 silly audit   'uri-js': [ '4.4.1' ],
76 silly audit   which: [ '2.0.2' ],
76 silly audit   'word-wrap': [ '1.2.5' ],
76 silly audit   'yocto-queue': [ '0.1.0' ]
76 silly audit }
77 verbose audit error FetchError: request to https://registry.npmjs.org/-/npm/v1/security/advisories/bulk failed, reason: getaddrinfo ENOTFOUND registry.npmjs.org
77 verbose audit error     at ClientRequest.<anonymous> (/opt/homebrew/lib/node_modules/npm/node_modules/minipass-fetch/lib/index.js:130:14)
77 verbose audit error     at ClientRequest.emit (node:events:508:28)
77 verbose audit error     at emitErrorEvent (node:_http_client:108:11)
77 verbose audit error     at _destroy (node:_http_client:962:9)
77 verbose audit error     at onSocketNT (node:_http_client:982:5)
77 verbose audit error     at process.processTicksAndRejections (node:internal/process/task_queues:90:21) {
77 verbose audit error   code: 'ENOTFOUND',
77 verbose audit error   errno: 'ENOTFOUND',
77 verbose audit error   syscall: 'getaddrinfo',
77 verbose audit error   hostname: 'registry.npmjs.org',
77 verbose audit error   type: 'system'
77 verbose audit error }
78 silly audit error undefined
79 silly audit report null
80 http cache which@https://registry.npmjs.org/which/-/which-2.0.2.tgz 0ms (cache hit)
81 http cache nanoid@https://registry.npmjs.org/nanoid/-/nanoid-3.3.11.tgz 0ms (cache hit)
82 http cache @types/react-dom@https://registry.npmjs.org/@types/react-dom/-/react-dom-19.2.3.tgz 0ms (cache hit)
83 http cache @types/react@https://registry.npmjs.org/@types/react/-/react-19.2.14.tgz 0ms (cache hit)
84 http cache @types/estree@https://registry.npmjs.org/@types/estree/-/estree-1.0.8.tgz 0ms (cache hit)
85 http cache @types/node@https://registry.npmjs.org/@types/node/-/node-20.19.33.tgz 0ms (cache hit)
86 http cache @types/esrecurse@https://registry.npmjs.org/@types/esrecurse/-/esrecurse-4.3.1.tgz 0ms (cache hit)
87 http cache @tailwindcss/oxide-darwin-arm64@https://registry.npmjs.org/@tailwindcss/oxide-darwin-arm64/-/oxide-darwin-arm64-4.2.0.tgz 0ms (cache hit)
88 http cache @tailwindcss/node@https://registry.npmjs.org/@tailwindcss/node/-/node-4.2.0.tgz 0ms (cache hit)
89 http cache @next/swc-darwin-arm64@https://registry.npmjs.org/@next/swc-darwin-arm64/-/swc-darwin-arm64-16.1.6.tgz 0ms (cache hit)
90 http cache @next/env@https://registry.npmjs.org/@next/env/-/env-16.1.6.tgz 0ms (cache hit)
91 http cache @tailwindcss/postcss@https://registry.npmjs.org/@tailwindcss/postcss/-/postcss-4.2.0.tgz 0ms (cache hit)
92 http cache @tailwindcss/oxide@https://registry.npmjs.org/@tailwindcss/oxide/-/oxide-4.2.0.tgz 0ms (cache hit)
93 http cache @jridgewell/trace-mapping@https://registry.npmjs.org/@jridgewell/trace-mapping/-/trace-mapping-0.3.31.tgz 0ms (cache hit)
94 http cache @jridgewell/remapping@https://registry.npmjs.org/@jridgewell/remapping/-/remapping-2.3.5.tgz 0ms (cache hit)
95 http cache @jridgewell/gen-mapping@https://registry.npmjs.org/@jridgewell/gen-mapping/-/gen-mapping-0.3.13.tgz 0ms (cache hit)
96 http cache @img/colour@https://registry.npmjs.org/@img/colour/-/colour-1.0.0.tgz 0ms (cache hit)
97 http cache @img/sharp-libvips-darwin-arm64@https://registry.npmjs.org/@img/sharp-libvips-darwin-arm64/-/sharp-libvips-darwin-arm64-1.2.4.tgz 0ms (cache hit)
98 http cache @jridgewell/sourcemap-codec@https://registry.npmjs.org/@jridgewell/sourcemap-codec/-/sourcemap-codec-1.5.5.tgz 0ms (cache hit)
99 http cache @img/sharp-darwin-arm64@https://registry.npmjs.org/@img/sharp-darwin-arm64/-/sharp-darwin-arm64-0.34.5.tgz 0ms (cache hit)
100 http cache @humanfs/node@https://registry.npmjs.org/@humanfs/node/-/node-0.16.7.tgz 0ms (cache hit)
101 http cache @eslint-community/regexpp@https://registry.npmjs.org/@eslint-community/regexpp/-/regexpp-4.12.2.tgz 0ms (cache hit)
102 http cache @humanwhocodes/retry@https://registry.npmjs.org/@humanwhocodes/retry/-/retry-0.4.3.tgz 0ms (cache hit)
103 http cache @eslint/object-schema@https://registry.npmjs.org/@eslint/object-schema/-/object-schema-3.0.2.tgz 0ms (cache hit)
104 http cache @eslint-community/eslint-utils@https://registry.npmjs.org/@eslint-community/eslint-utils/-/eslint-utils-4.9.1.tgz 0ms (cache hit)
105 http cache @eslint/config-helpers@https://registry.npmjs.org/@eslint/config-helpers/-/config-helpers-0.5.2.tgz 0ms (cache hit)
106 http cache @eslint/plugin-kit@https://registry.npmjs.org/@eslint/plugin-kit/-/plugin-kit-0.6.0.tgz 0ms (cache hit)
107 http cache @eslint/core@https://registry.npmjs.org/@eslint/core/-/core-1.1.0.tgz 0ms (cache hit)
108 http cache undici-types@https://registry.npmjs.org/undici-types/-/undici-types-6.21.0.tgz 0ms (cache hit)
109 http cache typescript@https://registry.npmjs.org/typescript/-/typescript-5.9.3.tgz 0ms (cache hit)
110 http cache @eslint/config-array@https://registry.npmjs.org/@eslint/config-array/-/config-array-0.23.2.tgz 0ms (cache hit)
111 http cache tailwindcss@https://registry.npmjs.org/tailwindcss/-/tailwindcss-4.2.0.tgz 0ms (cache hit)
112 http cache tapable@https://registry.npmjs.org/tapable/-/tapable-2.3.0.tgz 0ms (cache hit)
113 http cache @emnapi/runtime@https://registry.npmjs.org/@emnapi/runtime/-/runtime-1.8.1.tgz 0ms (cache hit)
114 http cache react-dom@https://registry.npmjs.org/react-dom/-/react-dom-19.2.3.tgz 0ms (cache hit)
115 http cache sharp@https://registry.npmjs.org/sharp/-/sharp-0.34.5.tgz 0ms (cache hit)
116 http cache minimatch@https://registry.npmjs.org/minimatch/-/minimatch-10.2.2.tgz 0ms (cache hit)
117 http cache react@https://registry.npmjs.org/react/-/react-19.2.3.tgz 0ms (cache hit)
118 http cache next@https://registry.npmjs.org/next/-/next-16.1.6.tgz 0ms (cache hit)
119 http cache magic-string@https://registry.npmjs.org/magic-string/-/magic-string-0.30.21.tgz 0ms (cache hit)
120 http cache lightningcss-darwin-arm64@https://registry.npmjs.org/lightningcss-darwin-arm64/-/lightningcss-darwin-arm64-1.31.1.tgz 0ms (cache hit)
121 http cache lightningcss@https://registry.npmjs.org/lightningcss/-/lightningcss-1.31.1.tgz 0ms (cache hit)
122 http cache flatted@https://registry.npmjs.org/flatted/-/flatted-3.3.3.tgz 0ms (cache hit)
123 http cache esquery@https://registry.npmjs.org/esquery/-/esquery-1.7.0.tgz 0ms (cache hit)
124 http cache espree@https://registry.npmjs.org/espree/-/espree-11.1.1.tgz 0ms (cache hit)
125 http cache eslint-scope@https://registry.npmjs.org/eslint-scope/-/eslint-scope-9.1.1.tgz 0ms (cache hit)
126 http cache jiti@https://registry.npmjs.org/jiti/-/jiti-2.6.1.tgz 0ms (cache hit)
127 http cache eslint-visitor-keys@https://registry.npmjs.org/eslint-visitor-keys/-/eslint-visitor-keys-5.0.1.tgz 0ms (cache hit)
128 http cache postcss@https://registry.npmjs.org/postcss/-/postcss-8.5.6.tgz 0ms (cache hit)
129 http cache eslint-config-next@https://registry.npmjs.org/eslint-config-next/-/eslint-config-next-0.2.4.tgz 0ms (cache hit)
130 http cache eslint@https://registry.npmjs.org/eslint/-/eslint-10.0.1.tgz 0ms (cache hit)
131 http cache debug@https://registry.npmjs.org/debug/-/debug-4.4.3.tgz 0ms (cache hit)
132 http cache caniuse-lite@https://registry.npmjs.org/caniuse-lite/-/caniuse-lite-1.0.30001770.tgz 0ms (cache hit)
133 http cache brace-expansion@https://registry.npmjs.org/brace-expansion/-/brace-expansion-5.0.2.tgz 0ms (cache hit)
134 http cache balanced-match@https://registry.npmjs.org/balanced-match/-/balanced-match-4.0.3.tgz 0ms (cache hit)
135 http cache enhanced-resolve@https://registry.npmjs.org/enhanced-resolve/-/enhanced-resolve-5.19.0.tgz 0ms (cache hit)
136 http cache baseline-browser-mapping@https://registry.npmjs.org/baseline-browser-mapping/-/baseline-browser-mapping-2.10.0.tgz 0ms (cache hit)
137 http cache ajv@https://registry.npmjs.org/ajv/-/ajv-6.14.0.tgz 0ms (cache hit)
138 http cache detect-libc@https://registry.npmjs.org/detect-libc/-/detect-libc-2.1.2.tgz 0ms (cache hit)
139 silly tarball no local data for which@https://registry.npmjs.org/which/-/which-2.0.2.tgz. Extracting by manifest.
140 silly tarball no local data for nanoid@https://registry.npmjs.org/nanoid/-/nanoid-3.3.11.tgz. Extracting by manifest.
141 silly tarball no local data for @types/react-dom@https://registry.npmjs.org/@types/react-dom/-/react-dom-19.2.3.tgz. Extracting by manifest.
142 silly tarball no local data for @types/react@https://registry.npmjs.org/@types/react/-/react-19.2.14.tgz. Extracting by manifest.
143 silly tarball no local data for @types/estree@https://registry.npmjs.org/@types/estree/-/estree-1.0.8.tgz. Extracting by manifest.
144 silly tarball no local data for @types/node@https://registry.npmjs.org/@types/node/-/node-20.19.33.tgz. Extracting by manifest.
145 silly tarball no local data for @types/esrecurse@https://registry.npmjs.org/@types/esrecurse/-/esrecurse-4.3.1.tgz. Extracting by manifest.
146 silly tarball no local data for @tailwindcss/oxide-darwin-arm64@https://registry.npmjs.org/@tailwindcss/oxide-darwin-arm64/-/oxide-darwin-arm64-4.2.0.tgz. Extracting by manifest.
147 silly tarball no local data for @tailwindcss/node@https://registry.npmjs.org/@tailwindcss/node/-/node-4.2.0.tgz. Extracting by manifest.
148 silly tarball no local data for @next/swc-darwin-arm64@https://registry.npmjs.org/@next/swc-darwin-arm64/-/swc-darwin-arm64-16.1.6.tgz. Extracting by manifest.
149 silly tarball no local data for @next/env@https://registry.npmjs.org/@next/env/-/env-16.1.6.tgz. Extracting by manifest.
150 http cache acorn@https://registry.npmjs.org/acorn/-/acorn-8.16.0.tgz 0ms (cache hit)
151 silly tarball no local data for @tailwindcss/postcss@https://registry.npmjs.org/@tailwindcss/postcss/-/postcss-4.2.0.tgz. Extracting by manifest.
152 silly tarball no local data for @tailwindcss/oxide@https://registry.npmjs.org/@tailwindcss/oxide/-/oxide-4.2.0.tgz. Extracting by manifest.
153 silly tarball no local data for @jridgewell/trace-mapping@https://registry.npmjs.org/@jridgewell/trace-mapping/-/trace-mapping-0.3.31.tgz. Extracting by manifest.
154 silly tarball no local data for @jridgewell/remapping@https://registry.npmjs.org/@jridgewell/remapping/-/remapping-2.3.5.tgz. Extracting by manifest.
155 http cache semver@https://registry.npmjs.org/semver/-/semver-7.7.4.tgz 0ms (cache hit)
156 silly tarball no local data for @jridgewell/gen-mapping@https://registry.npmjs.org/@jridgewell/gen-mapping/-/gen-mapping-0.3.13.tgz. Extracting by manifest.
157 silly tarball no local data for @img/colour@https://registry.npmjs.org/@img/colour/-/colour-1.0.0.tgz. Extracting by manifest.
158 silly tarball no local data for @img/sharp-libvips-darwin-arm64@https://registry.npmjs.org/@img/sharp-libvips-darwin-arm64/-/sharp-libvips-darwin-arm64-1.2.4.tgz. Extracting by manifest.
159 silly tarball no local data for @jridgewell/sourcemap-codec@https://registry.npmjs.org/@jridgewell/sourcemap-codec/-/sourcemap-codec-1.5.5.tgz. Extracting by manifest.
160 silly tarball no local data for @img/sharp-darwin-arm64@https://registry.npmjs.org/@img/sharp-darwin-arm64/-/sharp-darwin-arm64-0.34.5.tgz. Extracting by manifest.
161 silly tarball no local data for @humanfs/node@https://registry.npmjs.org/@humanfs/node/-/node-0.16.7.tgz. Extracting by manifest.
162 silly tarball no local data for @eslint-community/regexpp@https://registry.npmjs.org/@eslint-community/regexpp/-/regexpp-4.12.2.tgz. Extracting by manifest.
163 silly tarball no local data for @humanwhocodes/retry@https://registry.npmjs.org/@humanwhocodes/retry/-/retry-0.4.3.tgz. Extracting by manifest.
164 silly tarball no local data for @eslint/object-schema@https://registry.npmjs.org/@eslint/object-schema/-/object-schema-3.0.2.tgz. Extracting by manifest.
165 silly tarball no local data for @eslint-community/eslint-utils@https://registry.npmjs.org/@eslint-community/eslint-utils/-/eslint-utils-4.9.1.tgz. Extracting by manifest.
166 silly tarball no local data for @eslint/config-helpers@https://registry.npmjs.org/@eslint/config-helpers/-/config-helpers-0.5.2.tgz. Extracting by manifest.
167 silly tarball no local data for @eslint/plugin-kit@https://registry.npmjs.org/@eslint/plugin-kit/-/plugin-kit-0.6.0.tgz. Extracting by manifest.
168 silly tarball no local data for @eslint/core@https://registry.npmjs.org/@eslint/core/-/core-1.1.0.tgz. Extracting by manifest.
169 silly tarball no local data for undici-types@https://registry.npmjs.org/undici-types/-/undici-types-6.21.0.tgz. Extracting by manifest.
170 silly tarball no local data for typescript@https://registry.npmjs.org/typescript/-/typescript-5.9.3.tgz. Extracting by manifest.
171 silly tarball no local data for @eslint/config-array@https://registry.npmjs.org/@eslint/config-array/-/config-array-0.23.2.tgz. Extracting by manifest.
172 silly tarball no local data for tailwindcss@https://registry.npmjs.org/tailwindcss/-/tailwindcss-4.2.0.tgz. Extracting by manifest.
173 silly tarball no local data for tapable@https://registry.npmjs.org/tapable/-/tapable-2.3.0.tgz. Extracting by manifest.
174 silly tarball no local data for @emnapi/runtime@https://registry.npmjs.org/@emnapi/runtime/-/runtime-1.8.1.tgz. Extracting by manifest.
175 silly tarball no local data for react-dom@https://registry.npmjs.org/react-dom/-/react-dom-19.2.3.tgz. Extracting by manifest.
176 silly tarball no local data for sharp@https://registry.npmjs.org/sharp/-/sharp-0.34.5.tgz. Extracting by manifest.
177 silly tarball no local data for minimatch@https://registry.npmjs.org/minimatch/-/minimatch-10.2.2.tgz. Extracting by manifest.
178 silly tarball no local data for react@https://registry.npmjs.org/react/-/react-19.2.3.tgz. Extracting by manifest.
179 silly tarball no local data for next@https://registry.npmjs.org/next/-/next-16.1.6.tgz. Extracting by manifest.
180 silly tarball no local data for magic-string@https://registry.npmjs.org/magic-string/-/magic-string-0.30.21.tgz. Extracting by manifest.
181 silly tarball no local data for lightningcss-darwin-arm64@https://registry.npmjs.org/lightningcss-darwin-arm64/-/lightningcss-darwin-arm64-1.31.1.tgz. Extracting by manifest.
182 silly tarball no local data for lightningcss@https://registry.npmjs.org/lightningcss/-/lightningcss-1.31.1.tgz. Extracting by manifest.
183 silly tarball no local data for flatted@https://registry.npmjs.org/flatted/-/flatted-3.3.3.tgz. Extracting by manifest.
184 silly tarball no local data for esquery@https://registry.npmjs.org/esquery/-/esquery-1.7.0.tgz. Extracting by manifest.
185 silly tarball no local data for espree@https://registry.npmjs.org/espree/-/espree-11.1.1.tgz. Extracting by manifest.
186 silly tarball no local data for eslint-scope@https://registry.npmjs.org/eslint-scope/-/eslint-scope-9.1.1.tgz. Extracting by manifest.
187 silly tarball no local data for jiti@https://registry.npmjs.org/jiti/-/jiti-2.6.1.tgz. Extracting by manifest.
188 silly tarball no local data for eslint-visitor-keys@https://registry.npmjs.org/eslint-visitor-keys/-/eslint-visitor-keys-5.0.1.tgz. Extracting by manifest.
189 silly tarball no local data for postcss@https://registry.npmjs.org/postcss/-/postcss-8.5.6.tgz. Extracting by manifest.
190 silly tarball no local data for eslint-config-next@https://registry.npmjs.org/eslint-config-next/-/eslint-config-next-0.2.4.tgz. Extracting by manifest.
191 silly tarball no local data for eslint@https://registry.npmjs.org/eslint/-/eslint-10.0.1.tgz. Extracting by manifest.
192 silly tarball no local data for debug@https://registry.npmjs.org/debug/-/debug-4.4.3.tgz. Extracting by manifest.
193 silly tarball no local data for caniuse-lite@https://registry.npmjs.org/caniuse-lite/-/caniuse-lite-1.0.30001770.tgz. Extracting by manifest.
194 silly tarball no local data for brace-expansion@https://registry.npmjs.org/brace-expansion/-/brace-expansion-5.0.2.tgz. Extracting by manifest.
195 silly tarball no local data for balanced-match@https://registry.npmjs.org/balanced-match/-/balanced-match-4.0.3.tgz. Extracting by manifest.
196 silly tarball no local data for enhanced-resolve@https://registry.npmjs.org/enhanced-resolve/-/enhanced-resolve-5.19.0.tgz. Extracting by manifest.
197 silly tarball no local data for baseline-browser-mapping@https://registry.npmjs.org/baseline-browser-mapping/-/baseline-browser-mapping-2.10.0.tgz. Extracting by manifest.
198 silly tarball no local data for ajv@https://registry.npmjs.org/ajv/-/ajv-6.14.0.tgz. Extracting by manifest.
199 silly tarball no local data for detect-libc@https://registry.npmjs.org/detect-libc/-/detect-libc-2.1.2.tgz. Extracting by manifest.
200 silly tarball no local data for acorn@https://registry.npmjs.org/acorn/-/acorn-8.16.0.tgz. Extracting by manifest.
201 silly tarball no local data for semver@https://registry.npmjs.org/semver/-/semver-7.7.4.tgz. Extracting by manifest.
202 http fetch GET https://registry.npmjs.org/which/-/which-2.0.2.tgz attempt 1 failed with ENOTFOUND
203 http fetch GET https://registry.npmjs.org/nanoid/-/nanoid-3.3.11.tgz attempt 1 failed with ENOTFOUND
204 http fetch GET https://registry.npmjs.org/@types/react-dom/-/react-dom-19.2.3.tgz attempt 1 failed with ENOTFOUND
205 http fetch GET https://registry.npmjs.org/@types/react/-/react-19.2.14.tgz attempt 1 failed with ENOTFOUND
206 http fetch GET https://registry.npmjs.org/@types/estree/-/estree-1.0.8.tgz attempt 1 failed with ENOTFOUND
207 http fetch GET https://registry.npmjs.org/@types/node/-/node-20.19.33.tgz attempt 1 failed with ENOTFOUND
208 http fetch GET https://registry.npmjs.org/@types/esrecurse/-/esrecurse-4.3.1.tgz attempt 1 failed with ENOTFOUND
209 http fetch GET https://registry.npmjs.org/@tailwindcss/oxide-darwin-arm64/-/oxide-darwin-arm64-4.2.0.tgz attempt 1 failed with ENOTFOUND
210 http fetch GET https://registry.npmjs.org/@tailwindcss/node/-/node-4.2.0.tgz attempt 1 failed with ENOTFOUND
211 http fetch GET https://registry.npmjs.org/@next/swc-darwin-arm64/-/swc-darwin-arm64-16.1.6.tgz attempt 1 failed with ENOTFOUND
212 http fetch GET https://registry.npmjs.org/@next/env/-/env-16.1.6.tgz attempt 1 failed with ENOTFOUND
213 http fetch GET https://registry.npmjs.org/@tailwindcss/postcss/-/postcss-4.2.0.tgz attempt 1 failed with ENOTFOUND
214 http fetch GET https://registry.npmjs.org/@tailwindcss/oxide/-/oxide-4.2.0.tgz attempt 1 failed with ENOTFOUND
215 http fetch GET https://registry.npmjs.org/@jridgewell/trace-mapping/-/trace-mapping-0.3.31.tgz attempt 1 failed with ENOTFOUND
216 http fetch GET https://registry.npmjs.org/@jridgewell/remapping/-/remapping-2.3.5.tgz attempt 1 failed with ENOTFOUND
217 http fetch GET https://registry.npmjs.org/acorn/-/acorn-8.16.0.tgz attempt 1 failed with ENOTFOUND
218 http fetch GET https://registry.npmjs.org/semver/-/semver-7.7.4.tgz attempt 1 failed with ENOTFOUND
219 http fetch GET https://registry.npmjs.org/npm attempt 2 failed with ENOTFOUND
220 http fetch GET https://registry.npmjs.org/which/-/which-2.0.2.tgz attempt 2 failed with ENOTFOUND
221 http fetch GET https://registry.npmjs.org/nanoid/-/nanoid-3.3.11.tgz attempt 2 failed with ENOTFOUND
222 http fetch GET https://registry.npmjs.org/@types/react-dom/-/react-dom-19.2.3.tgz attempt 2 failed with ENOTFOUND
223 http fetch GET https://registry.npmjs.org/@types/react/-/react-19.2.14.tgz attempt 2 failed with ENOTFOUND
224 http fetch GET https://registry.npmjs.org/@types/estree/-/estree-1.0.8.tgz attempt 2 failed with ENOTFOUND
225 http fetch GET https://registry.npmjs.org/@types/node/-/node-20.19.33.tgz attempt 2 failed with ENOTFOUND
226 http fetch GET https://registry.npmjs.org/@types/esrecurse/-/esrecurse-4.3.1.tgz attempt 2 failed with ENOTFOUND
227 http fetch GET https://registry.npmjs.org/@tailwindcss/oxide-darwin-arm64/-/oxide-darwin-arm64-4.2.0.tgz attempt 2 failed with ENOTFOUND
228 http fetch GET https://registry.npmjs.org/@tailwindcss/node/-/node-4.2.0.tgz attempt 2 failed with ENOTFOUND
229 http fetch GET https://registry.npmjs.org/@next/swc-darwin-arm64/-/swc-darwin-arm64-16.1.6.tgz attempt 2 failed with ENOTFOUND
230 http fetch GET https://registry.npmjs.org/@next/env/-/env-16.1.6.tgz attempt 2 failed with ENOTFOUND
231 http fetch GET https://registry.npmjs.org/@tailwindcss/postcss/-/postcss-4.2.0.tgz attempt 2 failed with ENOTFOUND
232 http fetch GET https://registry.npmjs.org/@tailwindcss/oxide/-/oxide-4.2.0.tgz attempt 2 failed with ENOTFOUND
233 http fetch GET https://registry.npmjs.org/@jridgewell/trace-mapping/-/trace-mapping-0.3.31.tgz attempt 2 failed with ENOTFOUND
234 http fetch GET https://registry.npmjs.org/@jridgewell/remapping/-/remapping-2.3.5.tgz attempt 2 failed with ENOTFOUND
235 http fetch GET https://registry.npmjs.org/acorn/-/acorn-8.16.0.tgz attempt 2 failed with ENOTFOUND
236 http fetch GET https://registry.npmjs.org/semver/-/semver-7.7.4.tgz attempt 2 failed with ENOTFOUND
237 http fetch GET https://registry.npmjs.org/npm attempt 3 failed with ENOTFOUND
238 http fetch GET https://registry.npmjs.org/which/-/which-2.0.2.tgz attempt 3 failed with ENOTFOUND
239 http fetch GET https://registry.npmjs.org/nanoid/-/nanoid-3.3.11.tgz attempt 3 failed with ENOTFOUND
240 http fetch GET https://registry.npmjs.org/@types/react-dom/-/react-dom-19.2.3.tgz attempt 3 failed with ENOTFOUND
241 http fetch GET https://registry.npmjs.org/@types/react/-/react-19.2.14.tgz attempt 3 failed with ENOTFOUND
242 http fetch GET https://registry.npmjs.org/@types/estree/-/estree-1.0.8.tgz attempt 3 failed with ENOTFOUND
243 http fetch GET https://registry.npmjs.org/@types/node/-/node-20.19.33.tgz attempt 3 failed with ENOTFOUND
244 http fetch GET https://registry.npmjs.org/@types/esrecurse/-/esrecurse-4.3.1.tgz attempt 3 failed with ENOTFOUND
245 http fetch GET https://registry.npmjs.org/@tailwindcss/oxide-darwin-arm64/-/oxide-darwin-arm64-4.2.0.tgz attempt 3 failed with ENOTFOUND
246 verbose reify failed optional dependency /Users/gaurabh/Documents/BisonHack/videotracker/frontend/node_modules/@tailwindcss/oxide-darwin-arm64
247 silly reify mark deleted [
247 silly reify   '/Users/gaurabh/Documents/BisonHack/videotracker/frontend/node_modules/@tailwindcss/oxide-darwin-arm64'
247 silly reify ]
248 http fetch GET https://registry.npmjs.org/@tailwindcss/node/-/node-4.2.0.tgz attempt 3 failed with ENOTFOUND
249 http fetch GET https://registry.npmjs.org/@next/swc-darwin-arm64/-/swc-darwin-arm64-16.1.6.tgz attempt 3 failed with ENOTFOUND
250 verbose reify failed optional dependency /Users/gaurabh/Documents/BisonHack/videotracker/frontend/node_modules/@next/swc-darwin-arm64
251 silly reify mark deleted [
251 silly reify   '/Users/gaurabh/Documents/BisonHack/videotracker/frontend/node_modules/@next/swc-darwin-arm64'
251 silly reify ]
252 http fetch GET https://registry.npmjs.org/@next/env/-/env-16.1.6.tgz attempt 3 failed with ENOTFOUND
253 http fetch GET https://registry.npmjs.org/@tailwindcss/postcss/-/postcss-4.2.0.tgz attempt 3 failed with ENOTFOUND
254 http fetch GET https://registry.npmjs.org/@tailwindcss/oxide/-/oxide-4.2.0.tgz attempt 3 failed with ENOTFOUND
255 http fetch GET https://registry.npmjs.org/@jridgewell/trace-mapping/-/trace-mapping-0.3.31.tgz attempt 3 failed with ENOTFOUND
256 http fetch GET https://registry.npmjs.org/@jridgewell/remapping/-/remapping-2.3.5.tgz attempt 3 failed with ENOTFOUND
257 http fetch GET https://registry.npmjs.org/acorn/-/acorn-8.16.0.tgz attempt 3 failed with ENOTFOUND
258 http fetch GET https://registry.npmjs.org/semver/-/semver-7.7.4.tgz attempt 3 failed with ENOTFOUND
259 verbose reify failed optional dependency /Users/gaurabh/Documents/BisonHack/videotracker/frontend/node_modules/sharp/node_modules/semver
260 silly reify mark deleted [
260 silly reify   '/Users/gaurabh/Documents/BisonHack/videotracker/frontend/node_modules/sharp/node_modules/semver',
260 silly reify   '/Users/gaurabh/Documents/BisonHack/videotracker/frontend/node_modules/sharp/node_modules/.bin/semver'
260 silly reify ]
261 verbose reify failed optional dependency /Users/gaurabh/Documents/BisonHack/videotracker/frontend/node_modules/sharp
262 silly reify mark deleted [
262 silly reify   '/Users/gaurabh/Documents/BisonHack/videotracker/frontend/node_modules/sharp'
262 silly reify ]
263 verbose reify failed optional dependency /Users/gaurabh/Documents/BisonHack/videotracker/frontend/node_modules/@img/colour
264 silly reify mark deleted [
264 silly reify   '/Users/gaurabh/Documents/BisonHack/videotracker/frontend/node_modules/@img/colour'
264 silly reify ]
265 verbose reify failed optional dependency /Users/gaurabh/Documents/BisonHack/videotracker/frontend/node_modules/@img/sharp-darwin-arm64
266 silly reify mark deleted [
266 silly reify   '/Users/gaurabh/Documents/BisonHack/videotracker/frontend/node_modules/@img/sharp-darwin-arm64'
266 silly reify ]
267 verbose reify failed optional dependency /Users/gaurabh/Documents/BisonHack/videotracker/frontend/node_modules/@img/sharp-darwin-x64
268 silly reify mark deleted [
268 silly reify   '/Users/gaurabh/Documents/BisonHack/videotracker/frontend/node_modules/@img/sharp-darwin-x64'
268 silly reify ]
269 verbose reify failed optional dependency /Users/gaurabh/Documents/BisonHack/videotracker/frontend/node_modules/@img/sharp-libvips-darwin-arm64
270 silly reify mark deleted [
270 silly reify   '/Users/gaurabh/Documents/BisonHack/videotracker/frontend/node_modules/@img/sharp-libvips-darwin-arm64'
270 silly reify ]
271 verbose reify failed optional dependency /Users/gaurabh/Documents/BisonHack/videotracker/frontend/node_modules/@img/sharp-libvips-darwin-x64
272 silly reify mark deleted [
272 silly reify   '/Users/gaurabh/Documents/BisonHack/videotracker/frontend/node_modules/@img/sharp-libvips-darwin-x64'
272 silly reify ]
273 verbose reify failed optional dependency /Users/gaurabh/Documents/BisonHack/videotracker/frontend/node_modules/@img/sharp-libvips-linux-arm
274 silly reify mark deleted [
274 silly reify   '/Users/gaurabh/Documents/BisonHack/videotracker/frontend/node_modules/@img/sharp-libvips-linux-arm'
274 silly reify ]
275 verbose reify failed optional dependency /Users/gaurabh/Documents/BisonHack/videotracker/frontend/node_modules/@img/sharp-libvips-linux-arm64
276 silly reify mark deleted [
276 silly reify   '/Users/gaurabh/Documents/BisonHack/videotracker/frontend/node_modules/@img/sharp-libvips-linux-arm64'
276 silly reify ]
277 verbose reify failed optional dependency /Users/gaurabh/Documents/BisonHack/videotracker/frontend/node_modules/@img/sharp-libvips-linux-ppc64
278 silly reify mark deleted [
278 silly reify   '/Users/gaurabh/Documents/BisonHack/videotracker/frontend/node_modules/@img/sharp-libvips-linux-ppc64'
278 silly reify ]
279 verbose reify failed optional dependency /Users/gaurabh/Documents/BisonHack/videotracker/frontend/node_modules/@img/sharp-libvips-linux-riscv64
280 silly reify mark deleted [
280 silly reify   '/Users/gaurabh/Documents/BisonHack/videotracker/frontend/node_modules/@img/sharp-libvips-linux-riscv64'
280 silly reify ]
281 verbose reify failed optional dependency /Users/gaurabh/Documents/BisonHack/videotracker/frontend/node_modules/@img/sharp-libvips-linux-s390x
282 silly reify mark deleted [
282 silly reify   '/Users/gaurabh/Documents/BisonHack/videotracker/frontend/node_modules/@img/sharp-libvips-linux-s390x'
282 silly reify ]
283 verbose reify failed optional dependency /Users/gaurabh/Documents/BisonHack/videotracker/frontend/node_modules/@img/sharp-libvips-linux-x64
284 silly reify mark deleted [
284 silly reify   '/Users/gaurabh/Documents/BisonHack/videotracker/frontend/node_modules/@img/sharp-libvips-linux-x64'
284 silly reify ]
285 verbose reify failed optional dependency /Users/gaurabh/Documents/BisonHack/videotracker/frontend/node_modules/@img/sharp-libvips-linuxmusl-arm64
286 silly reify mark deleted [
286 silly reify   '/Users/gaurabh/Documents/BisonHack/videotracker/frontend/node_modules/@img/sharp-libvips-linuxmusl-arm64'
286 silly reify ]
287 verbose reify failed optional dependency /Users/gaurabh/Documents/BisonHack/videotracker/frontend/node_modules/@img/sharp-libvips-linuxmusl-x64
288 silly reify mark deleted [
288 silly reify   '/Users/gaurabh/Documents/BisonHack/videotracker/frontend/node_modules/@img/sharp-libvips-linuxmusl-x64'
288 silly reify ]
289 verbose reify failed optional dependency /Users/gaurabh/Documents/BisonHack/videotracker/frontend/node_modules/@img/sharp-linux-arm
290 silly reify mark deleted [
290 silly reify   '/Users/gaurabh/Documents/BisonHack/videotracker/frontend/node_modules/@img/sharp-linux-arm'
290 silly reify ]
291 verbose reify failed optional dependency /Users/gaurabh/Documents/BisonHack/videotracker/frontend/node_modules/@img/sharp-linux-arm64
292 silly reify mark deleted [
292 silly reify   '/Users/gaurabh/Documents/BisonHack/videotracker/frontend/node_modules/@img/sharp-linux-arm64'
292 silly reify ]
293 verbose reify failed optional dependency /Users/gaurabh/Documents/BisonHack/videotracker/frontend/node_modules/@img/sharp-linux-ppc64
294 silly reify mark deleted [
294 silly reify   '/Users/gaurabh/Documents/BisonHack/videotracker/frontend/node_modules/@img/sharp-linux-ppc64'
294 silly reify ]
295 verbose reify failed optional dependency /Users/gaurabh/Documents/BisonHack/videotracker/frontend/node_modules/@img/sharp-linux-riscv64
296 silly reify mark deleted [
296 silly reify   '/Users/gaurabh/Documents/BisonHack/videotracker/frontend/node_modules/@img/sharp-linux-riscv64'
296 silly reify ]
297 verbose reify failed optional dependency /Users/gaurabh/Documents/BisonHack/videotracker/frontend/node_modules/@img/sharp-linux-s390x
298 silly reify mark deleted [
298 silly reify   '/Users/gaurabh/Documents/BisonHack/videotracker/frontend/node_modules/@img/sharp-linux-s390x'
298 silly reify ]
299 verbose reify failed optional dependency /Users/gaurabh/Documents/BisonHack/videotracker/frontend/node_modules/@img/sharp-linux-x64
300 silly reify mark deleted [
300 silly reify   '/Users/gaurabh/Documents/BisonHack/videotracker/frontend/node_modules/@img/sharp-linux-x64'
300 silly reify ]
301 verbose reify failed optional dependency /Users/gaurabh/Documents/BisonHack/videotracker/frontend/node_modules/@img/sharp-linuxmusl-arm64
302 silly reify mark deleted [
302 silly reify   '/Users/gaurabh/Documents/BisonHack/videotracker/frontend/node_modules/@img/sharp-linuxmusl-arm64'
302 silly reify ]
303 verbose reify failed optional dependency /Users/gaurabh/Documents/BisonHack/videotracker/frontend/node_modules/@img/sharp-linuxmusl-x64
304 silly reify mark deleted [
304 silly reify   '/Users/gaurabh/Documents/BisonHack/videotracker/frontend/node_modules/@img/sharp-linuxmusl-x64'
304 silly reify ]
305 verbose reify failed optional dependency /Users/gaurabh/Documents/BisonHack/videotracker/frontend/node_modules/@img/sharp-wasm32
306 silly reify mark deleted [
306 silly reify   '/Users/gaurabh/Documents/BisonHack/videotracker/frontend/node_modules/@img/sharp-wasm32'
306 silly reify ]
307 verbose reify failed optional dependency /Users/gaurabh/Documents/BisonHack/videotracker/frontend/node_modules/@img/sharp-win32-arm64
308 silly reify mark deleted [
308 silly reify   '/Users/gaurabh/Documents/BisonHack/videotracker/frontend/node_modules/@img/sharp-win32-arm64'
308 silly reify ]
309 verbose reify failed optional dependency /Users/gaurabh/Documents/BisonHack/videotracker/frontend/node_modules/@img/sharp-win32-ia32
310 silly reify mark deleted [
310 silly reify   '/Users/gaurabh/Documents/BisonHack/videotracker/frontend/node_modules/@img/sharp-win32-ia32'
310 silly reify ]
311 verbose reify failed optional dependency /Users/gaurabh/Documents/BisonHack/videotracker/frontend/node_modules/@img/sharp-win32-x64
312 silly reify mark deleted [
312 silly reify   '/Users/gaurabh/Documents/BisonHack/videotracker/frontend/node_modules/@img/sharp-win32-x64'
312 silly reify ]
313 verbose cwd /Users/gaurabh/Documents/BisonHack/videotracker/frontend
314 verbose os Darwin 25.3.0
315 verbose node v25.2.1
316 verbose npm  v11.6.2
317 error Exit handler never called!
318 error This is an error with npm itself. Please report this error at:
319 error   <https://github.com/npm/cli/issues>
320 verbose exit 1
321 verbose code 1
322 error A complete log of this run can be found in: /Users/gaurabh/Documents/BisonHack/videotracker/frontend/.npm-cache/_logs/2026-02-21T19_40_10_525Z-debug-0.log
